<?xml version="1.0" encoding="UTF-8"?>
<!-- Generated by org.testng.reporters.JUnitReportReporter -->
<testsuite hostname="AL-AMIN" failures="0" tests="1" name="db.ExceptionHandLing" time="0.013" errors="0" timestamp="2021-02-12T03:07:03 EST" skipped="0">
  <testcase classname="db.ExceptionHandLing" name="readText" time="0.013"/>
  <system-out/>
</testsuite> <!-- db.ExceptionHandLing -->
