<?xml version="1.0" encoding="UTF-8"?>
<!-- Generated by org.testng.reporters.JUnitReportReporter -->
<testsuite hostname="AL-AMIN" failures="0" tests="6" name="com.RegessionTest" time="0.011" errors="0" timestamp="2021-02-10T03:25:29 EST" skipped="0">
  <testcase classname="com.RegessionTest" name="test2" time="0.000"/>
  <system-out/>
  <testcase classname="com.RegessionTest" name="test2" time="0.001"/>
  <system-out/>
  <testcase classname="com.RegessionTest" name="test3" time="0.002"/>
  <system-out/>
  <testcase classname="com.RegessionTest" name="test2" time="0.002"/>
  <system-out/>
  <testcase classname="com.RegessionTest" name="test2" time="0.005"/>
  <system-out/>
  <testcase classname="com.RegessionTest" name="test2" time="0.001"/>
  <system-out/>
</testsuite> <!-- com.RegessionTest -->
