<?xml version="1.0" encoding="UTF-8"?>
<!-- Generated by org.testng.reporters.JUnitReportReporter -->
<testsuite hostname="AL-AMIN" failures="0" tests="1" name="Serialization.Serialized" time="0.017" errors="0" timestamp="2021-03-10T02:01:45 EST" skipped="0">
  <testcase classname="Serialization.Serialized" name="test" time="0.017"/>
  <system-out/>
</testsuite> <!-- Serialization.Serialized -->
