<?xml version="1.0" encoding="UTF-8"?>
<!-- Generated by org.testng.reporters.JUnitReportReporter -->
<testsuite hostname="AL-AMIN" failures="0" tests="2" name="bit.helping" time="9.533" errors="0" timestamp="2021-02-10T16:30:16 EST" skipped="0">
  <testcase classname="bit.helping" name="openBrowser" time="9.529"/>
  <system-out/>
  <testcase classname="bit.helping" name="test5" time="0.004"/>
  <system-out/>
</testsuite> <!-- bit.helping -->
