<?xml version="1.0" encoding="UTF-8"?>
<!-- Generated by org.testng.reporters.JUnitReportReporter -->
<testsuite hostname="AL-AMIN" failures="0" tests="1" name="bit.test_1" time="0.007" errors="0" timestamp="2021-02-11T02:52:59 EST" skipped="0">
  <testcase classname="bit.test_1" name="testing1" time="0.007"/>
  <system-out/>
</testsuite> <!-- bit.test_1 -->
