<?xml version="1.0" encoding="UTF-8"?>
<!-- Generated by org.testng.reporters.JUnitReportReporter -->
<testsuite hostname="AL-AMIN" failures="0" tests="1" name="solution.Helper" time="0.013" errors="0" timestamp="2021-03-09T20:09:52 EST" skipped="0">
  <testcase classname="solution.Helper" name="f" time="0.013"/>
  <system-out/>
</testsuite> <!-- solution.Helper -->
