<?xml version="1.0" encoding="UTF-8"?>
<!-- Generated by org.testng.reporters.JUnitReportReporter -->
<testsuite hostname="AL-AMIN" failures="0" tests="3" name="bit.parallel" time="6.494" errors="0" timestamp="2021-02-10T01:09:09 EST" skipped="0">
  <testcase classname="bit.parallel" name="openBrowser" time="6.482"/>
  <system-out/>
  <testcase classname="bit.parallel" name="buyJeans" time="0.010"/>
  <system-out/>
  <testcase classname="bit.parallel" name="buyShirt" time="0.002"/>
  <system-out/>
</testsuite> <!-- bit.parallel -->
