<?xml version="1.0" encoding="UTF-8"?>
<!-- Generated by org.testng.reporters.JUnitReportReporter -->
<testsuite hostname="AL-AMIN" failures="0" tests="1" name="com.Hello" time="0.010" errors="0" timestamp="2021-02-10T17:52:28 EST" skipped="0">
  <testcase classname="com.Hello" name="login" time="0.010"/>
  <system-out/>
</testsuite> <!-- com.Hello -->
