<?xml version="1.0" encoding="UTF-8"?>
<!-- Generated by org.testng.reporters.JUnitReportReporter -->
<testsuite hostname="AL-AMIN" failures="0" tests="1" name="solution.nested_classes" time="0.010" errors="0" timestamp="2021-03-13T00:46:39 EST" skipped="0">
  <testcase classname="solution.nested_classes" name="test" time="0.010"/>
  <system-out/>
</testsuite> <!-- solution.nested_classes -->
