<?xml version="1.0" encoding="UTF-8"?>
<!-- Generated by org.testng.reporters.JUnitReportReporter -->
<testsuite hostname="AL-AMIN" failures="0" tests="5" name="com.SmokeTest" time="4.594" errors="0" timestamp="2021-02-10T17:51:08 EST" skipped="0">
  <testcase classname="com.SmokeTest" name="logOut" time="0.001"/>
  <system-out/>
  <testcase classname="com.SmokeTest" name="buyJeans" time="0.006"/>
  <system-out/>
  <testcase classname="com.SmokeTest" name="buyShirt" time="0.002"/>
  <system-out/>
  <testcase classname="com.SmokeTest" name="openBrowser" time="4.583"/>
  <system-out/>
  <testcase classname="com.SmokeTest" name="logIn" time="0.002"/>
  <system-out/>
</testsuite> <!-- com.SmokeTest -->
