<?xml version="1.0" encoding="UTF-8"?>
<!-- Generated by org.testng.reporters.JUnitReportReporter -->
<testsuite hostname="AL-AMIN" failures="0" tests="1" name="com.oop.testing" time="0.019" errors="0" timestamp="2021-02-16T23:48:00 EST" skipped="0">
  <testcase classname="com.oop.testing" name="test" time="0.019"/>
  <system-out/>
</testsuite> <!-- com.oop.testing -->
