<?xml version="1.0" encoding="UTF-8"?>
<!-- Generated by org.testng.reporters.JUnitReportReporter -->
<testsuite hostname="AL-AMIN" failures="0" tests="1" name="db.readExcelSheet" time="0.000" errors="0" timestamp="2021-03-07T03:32:00 EST" skipped="1">
  <testcase classname="db.readExcelSheet" name="test5" time="0.000">
    <skipped/>
  </testcase> <!-- test5 -->
  <system-out/>
</testsuite> <!-- db.readExcelSheet -->
