<?xml version="1.0" encoding="UTF-8"?>
<!-- Generated by org.testng.reporters.JUnitReportReporter -->
<testsuite hostname="AL-AMIN" failures="0" tests="4" name="bit.BD" time="0.010" errors="0" timestamp="2021-02-10T02:36:05 EST" skipped="0">
  <testcase classname="bit.BD" name="test2" time="0.001"/>
  <system-out/>
  <testcase classname="bit.BD" name="test2" time="0.001"/>
  <system-out/>
  <testcase classname="bit.BD" name="test2" time="0.007"/>
  <system-out/>
  <testcase classname="bit.BD" name="test2" time="0.001"/>
  <system-out/>
</testsuite> <!-- bit.BD -->
