<?xml version="1.0" encoding="UTF-8"?>
<!-- Generated by org.testng.reporters.JUnitReportReporter -->
<testsuite hostname="AL-AMIN" failures="0" tests="1" name="com.oop.Honda" time="0.014" errors="0" timestamp="2021-02-16T23:50:22 EST" skipped="0">
  <testcase classname="com.oop.Honda" name="test2" time="0.014"/>
  <system-out/>
</testsuite> <!-- com.oop.Honda -->
