<?xml version="1.0" encoding="UTF-8"?>
<!-- Generated by org.testng.reporters.JUnitReportReporter -->
<testsuite hostname="AL-AMIN" failures="0" tests="1" name="com.test_2" time="0.001" errors="0" timestamp="2021-02-11T02:52:59 EST" skipped="0">
  <testcase classname="com.test_2" name="testing3" time="0.001"/>
  <system-out/>
</testsuite> <!-- com.test_2 -->
