<?xml version="1.0" encoding="UTF-8"?>
<!-- Generated by org.testng.reporters.JUnitReportReporter -->
<testsuite hostname="AL-AMIN" failures="0" tests="1" name="com.UnitTest" time="0.001" errors="0" timestamp="2021-02-01T01:37:25 EST" skipped="0">
  <testcase classname="com.UnitTest" name="test4" time="0.001"/>
  <system-out/>
</testsuite> <!-- com.UnitTest -->
